Command line invocation:
    /Applications/Xcode.app/Contents/Developer/usr/bin/xcodebuild test -project SmartCellCounter.xcodeproj -scheme SmartCellCounter -destination "platform=iOS Simulator,name=iPhone 16"

Resolve Package Graph


Resolved source packages:
  GRDB: https://github.com/groue/GRDB.swift @ 6.29.3

--- xcodebuild: WARNING: Using the first of multiple matching destinations:
{ platform:iOS Simulator, arch:arm64, id:5F273F4C-09EB-41C4-99C5-EDD4C66A75B9, OS:18.6, name:iPhone 16 }
{ platform:iOS Simulator, arch:x86_64, id:5F273F4C-09EB-41C4-99C5-EDD4C66A75B9, OS:18.6, name:iPhone 16 }
ComputePackagePrebuildTargetDependencyGraph

Prepare packages

CreateBuildRequest

SendProjectDescription

CreateBuildOperation

ComputeTargetDependencyGraph
note: Building targets in dependency order
note: Target dependency graph (7 targets)
    Target 'SmartCellCounterUITests' in project 'SmartCellCounter'
        ➜ Explicit dependency on target 'SmartCellCounter' in project 'SmartCellCounter'
    Target 'SmartCellCounterTests' in project 'SmartCellCounter'
        ➜ Explicit dependency on target 'SmartCellCounter' in project 'SmartCellCounter'
    Target 'SmartCellCounter' in project 'SmartCellCounter'
        ➜ Explicit dependency on target 'GRDB' in project 'GRDB'
    Target 'GRDB' in project 'GRDB'
        ➜ Explicit dependency on target 'GRDB' in project 'GRDB'
        ➜ Explicit dependency on target 'GRDB_GRDB' in project 'GRDB'
    Target 'GRDB' in project 'GRDB'
        ➜ Explicit dependency on target 'GRDB_GRDB' in project 'GRDB'
        ➜ Explicit dependency on target 'CSQLite' in project 'GRDB'
    Target 'CSQLite' in project 'GRDB' (no dependencies)
    Target 'GRDB_GRDB' in project 'GRDB' (no dependencies)

GatherProvisioningInputs

CreateBuildDescription

ClangStatCache /Applications/Xcode.app/Contents/Developer/Toolchains/XcodeDefault.xctoolchain/usr/bin/clang-stat-cache /Applications/Xcode.app/Contents/Developer/Platforms/iPhoneSimulator.platform/Developer/SDKs/iPhoneSimulator18.5.sdk /Users/hyojaelee/Library/Developer/Xcode/DerivedData/SDKStatCaches.noindex/iphonesimulator18.5-22F76-d5fc8ad4295d2ef488fb7d0f804ce0c4.sdkstatcache
    cd /Users/hyojaelee/Projects/smart-cell-counter/SmartCellCounter.xcodeproj
    /Applications/Xcode.app/Contents/Developer/Toolchains/XcodeDefault.xctoolchain/usr/bin/clang-stat-cache /Applications/Xcode.app/Contents/Developer/Platforms/iPhoneSimulator.platform/Developer/SDKs/iPhoneSimulator18.5.sdk -o /Users/hyojaelee/Library/Developer/Xcode/DerivedData/SDKStatCaches.noindex/iphonesimulator18.5-22F76-d5fc8ad4295d2ef488fb7d0f804ce0c4.sdkstatcache

ProcessProductPackaging "" /Users/hyojaelee/Library/Developer/Xcode/DerivedData/SmartCellCounter-atxcmwbajnbuvzaispjfhciksmpx/Build/Intermediates.noindex/SmartCellCounter.build/Debug-iphonesimulator/SmartCellCounter.build/SmartCellCounter.app-Simulated.xcent (in target 'SmartCellCounter' from project 'SmartCellCounter')
    cd /Users/hyojaelee/Projects/smart-cell-counter
    
    Entitlements:
    
    {
    "application-identifier" = "ABCDE12345.com.example.SmartCellCounter";
}
    
    builtin-productPackagingUtility -entitlements -format xml -o /Users/hyojaelee/Library/Developer/Xcode/DerivedData/SmartCellCounter-atxcmwbajnbuvzaispjfhciksmpx/Build/Intermediates.noindex/SmartCellCounter.build/Debug-iphonesimulator/SmartCellCounter.build/SmartCellCounter.app-Simulated.xcent

ProcessInfoPlistFile /Users/hyojaelee/Library/Developer/Xcode/DerivedData/SmartCellCounter-atxcmwbajnbuvzaispjfhciksmpx/Build/Products/Debug-iphonesimulator/GRDB_GRDB.bundle/Info.plist /Users/hyojaelee/Library/Developer/Xcode/DerivedData/SmartCellCounter-atxcmwbajnbuvzaispjfhciksmpx/Build/Intermediates.noindex/GRDB.build/Debug-iphonesimulator/GRDB_GRDB.build/empty-GRDB_GRDB.plist (in target 'GRDB_GRDB' from project 'GRDB')
    cd /Users/hyojaelee/Library/Developer/Xcode/DerivedData/SmartCellCounter-atxcmwbajnbuvzaispjfhciksmpx/SourcePackages/checkouts/GRDB.swift
    builtin-infoPlistUtility /Users/hyojaelee/Library/Developer/Xcode/DerivedData/SmartCellCounter-atxcmwbajnbuvzaispjfhciksmpx/Build/Intermediates.noindex/GRDB.build/Debug-iphonesimulator/GRDB_GRDB.build/empty-GRDB_GRDB.plist -producttype com.apple.product-type.bundle -expandbuildsettings -format binary -platform iphonesimulator -o /Users/hyojaelee/Library/Developer/Xcode/DerivedData/SmartCellCounter-atxcmwbajnbuvzaispjfhciksmpx/Build/Products/Debug-iphonesimulator/GRDB_GRDB.bundle/Info.plist

ProcessProductPackagingDER /Users/hyojaelee/Library/Developer/Xcode/DerivedData/SmartCellCounter-atxcmwbajnbuvzaispjfhciksmpx/Build/Intermediates.noindex/SmartCellCounter.build/Debug-iphonesimulator/SmartCellCounter.build/SmartCellCounter.app-Simulated.xcent /Users/hyojaelee/Library/Developer/Xcode/DerivedData/SmartCellCounter-atxcmwbajnbuvzaispjfhciksmpx/Build/Intermediates.noindex/SmartCellCounter.build/Debug-iphonesimulator/SmartCellCounter.build/SmartCellCounter.app-Simulated.xcent.der (in target 'SmartCellCounter' from project 'SmartCellCounter')
    cd /Users/hyojaelee/Projects/smart-cell-counter
    /usr/bin/derq query -f xml -i /Users/hyojaelee/Library/Developer/Xcode/DerivedData/SmartCellCounter-atxcmwbajnbuvzaispjfhciksmpx/Build/Intermediates.noindex/SmartCellCounter.build/Debug-iphonesimulator/SmartCellCounter.build/SmartCellCounter.app-Simulated.xcent -o /Users/hyojaelee/Library/Developer/Xcode/DerivedData/SmartCellCounter-atxcmwbajnbuvzaispjfhciksmpx/Build/Intermediates.noindex/SmartCellCounter.build/Debug-iphonesimulator/SmartCellCounter.build/SmartCellCounter.app-Simulated.xcent.der --raw

SwiftDriver SmartCellCounter normal arm64 com.apple.xcode.tools.swift.compiler (in target 'SmartCellCounter' from project 'SmartCellCounter')
    cd /Users/hyojaelee/Projects/smart-cell-counter
    builtin-SwiftDriver -- /Applications/Xcode.app/Contents/Developer/Toolchains/XcodeDefault.xctoolchain/usr/bin/swiftc -module-name SmartCellCounter -Onone -enforce-exclusivity\=checked @/Users/hyojaelee/Library/Developer/Xcode/DerivedData/SmartCellCounter-atxcmwbajnbuvzaispjfhciksmpx/Build/Intermediates.noindex/SmartCellCounter.build/Debug-iphonesimulator/SmartCellCounter.build/Objects-normal/arm64/SmartCellCounter.SwiftFileList -DDEBUG -Xcc -fmodule-map-file\=/Users/hyojaelee/Library/Developer/Xcode/DerivedData/SmartCellCounter-atxcmwbajnbuvzaispjfhciksmpx/SourcePackages/checkouts/GRDB.swift/Sources/CSQLite/module.modulemap -enable-bare-slash-regex -enable-experimental-feature DebugDescriptionMacro -sdk /Applications/Xcode.app/Contents/Developer/Platforms/iPhoneSimulator.platform/Developer/SDKs/iPhoneSimulator18.5.sdk -target arm64-apple-ios16.0-simulator -g -module-cache-path /Users/hyojaelee/Library/Developer/Xcode/DerivedData/ModuleCache.noindex -Xfrontend -serialize-debugging-options -profile-coverage-mapping -profile-generate -enable-testing -index-store-path /Users/hyojaelee/Library/Developer/Xcode/DerivedData/SmartCellCounter-atxcmwbajnbuvzaispjfhciksmpx/Index.noindex/DataStore -swift-version 5 -I /Users/hyojaelee/Library/Developer/Xcode/DerivedData/SmartCellCounter-atxcmwbajnbuvzaispjfhciksmpx/Build/Products/Debug-iphonesimulator -F /Users/hyojaelee/Library/Developer/Xcode/DerivedData/SmartCellCounter-atxcmwbajnbuvzaispjfhciksmpx/Build/Products/Debug-iphonesimulator/PackageFrameworks -F /Users/hyojaelee/Library/Developer/Xcode/DerivedData/SmartCellCounter-atxcmwbajnbuvzaispjfhciksmpx/Build/Products/Debug-iphonesimulator -c -j12 -enable-batch-mode -incremental -Xcc -ivfsstatcache -Xcc /Users/hyojaelee/Library/Developer/Xcode/DerivedData/SDKStatCaches.noindex/iphonesimulator18.5-22F76-d5fc8ad4295d2ef488fb7d0f804ce0c4.sdkstatcache -output-file-map /Users/hyojaelee/Library/Developer/Xcode/DerivedData/SmartCellCounter-atxcmwbajnbuvzaispjfhciksmpx/Build/Intermediates.noindex/SmartCellCounter.build/Debug-iphonesimulator/SmartCellCounter.build/Objects-normal/arm64/SmartCellCounter-OutputFileMap.json -use-frontend-parseable-output -save-temps -no-color-diagnostics -serialize-diagnostics -emit-dependencies -emit-module -emit-module-path /Users/hyojaelee/Library/Developer/Xcode/DerivedData/SmartCellCounter-atxcmwbajnbuvzaispjfhciksmpx/Build/Intermediates.noindex/SmartCellCounter.build/Debug-iphonesimulator/SmartCellCounter.build/Objects-normal/arm64/SmartCellCounter.swiftmodule -validate-clang-modules-once -clang-build-session-file /Users/hyojaelee/Library/Developer/Xcode/DerivedData/ModuleCache.noindex/Session.modulevalidation -Xcc -I/Users/hyojaelee/Library/Developer/Xcode/DerivedData/SmartCellCounter-atxcmwbajnbuvzaispjfhciksmpx/Build/Intermediates.noindex/SmartCellCounter.build/Debug-iphonesimulator/SmartCellCounter.build/swift-overrides.hmap -emit-const-values -Xfrontend -const-gather-protocols-file -Xfrontend /Users/hyojaelee/Library/Developer/Xcode/DerivedData/SmartCellCounter-atxcmwbajnbuvzaispjfhciksmpx/Build/Intermediates.noindex/SmartCellCounter.build/Debug-iphonesimulator/SmartCellCounter.build/Objects-normal/arm64/SmartCellCounter_const_extract_protocols.json -Xcc -iquote -Xcc /Users/hyojaelee/Library/Developer/Xcode/DerivedData/SmartCellCounter-atxcmwbajnbuvzaispjfhciksmpx/Build/Intermediates.noindex/SmartCellCounter.build/Debug-iphonesimulator/SmartCellCounter.build/SmartCellCounter-generated-files.hmap -Xcc -I/Users/hyojaelee/Library/Developer/Xcode/DerivedData/SmartCellCounter-atxcmwbajnbuvzaispjfhciksmpx/Build/Intermediates.noindex/SmartCellCounter.build/Debug-iphonesimulator/SmartCellCounter.build/SmartCellCounter-own-target-headers.hmap -Xcc -I/Users/hyojaelee/Library/Developer/Xcode/DerivedData/SmartCellCounter-atxcmwbajnbuvzaispjfhciksmpx/Build/Intermediates.noindex/SmartCellCounter.build/Debug-iphonesimulator/SmartCellCounter.build/SmartCellCounter-all-non-framework-target-headers.hmap -Xcc -ivfsoverlay -Xcc /Users/hyojaelee/Library/Developer/Xcode/DerivedData/SmartCellCounter-atxcmwbajnbuvzaispjfhciksmpx/Build/Intermediates.noindex/SmartCellCounter.build/Debug-iphonesimulator/SmartCellCounter-fdedcd23f60ec90beac0577e01341f5e-VFS-iphonesimulator/all-product-headers.yaml -Xcc -iquote -Xcc /Users/hyojaelee/Library/Developer/Xcode/DerivedData/SmartCellCounter-atxcmwbajnbuvzaispjfhciksmpx/Build/Intermediates.noindex/SmartCellCounter.build/Debug-iphonesimulator/SmartCellCounter.build/SmartCellCounter-project-headers.hmap -Xcc -I/Users/hyojaelee/Library/Developer/Xcode/DerivedData/SmartCellCounter-atxcmwbajnbuvzaispjfhciksmpx/Build/Products/Debug-iphonesimulator/include -Xcc -I/Users/hyojaelee/Library/Developer/Xcode/DerivedData/SmartCellCounter-atxcmwbajnbuvzaispjfhciksmpx/Build/Intermediates.noindex/SmartCellCounter.build/Debug-iphonesimulator/SmartCellCounter.build/DerivedSources-normal/arm64 -Xcc -I/Users/hyojaelee/Library/Developer/Xcode/DerivedData/SmartCellCounter-atxcmwbajnbuvzaispjfhciksmpx/Build/Intermediates.noindex/SmartCellCounter.build/Debug-iphonesimulator/SmartCellCounter.build/DerivedSources/arm64 -Xcc -I/Users/hyojaelee/Library/Developer/Xcode/DerivedData/SmartCellCounter-atxcmwbajnbuvzaispjfhciksmpx/Build/Intermediates.noindex/SmartCellCounter.build/Debug-iphonesimulator/SmartCellCounter.build/DerivedSources -Xcc -DDEBUG\=1 -emit-objc-header -emit-objc-header-path /Users/hyojaelee/Library/Developer/Xcode/DerivedData/SmartCellCounter-atxcmwbajnbuvzaispjfhciksmpx/Build/Intermediates.noindex/SmartCellCounter.build/Debug-iphonesimulator/SmartCellCounter.build/Objects-normal/arm64/SmartCellCounter-Swift.h -working-directory /Users/hyojaelee/Projects/smart-cell-counter -experimental-emit-module-separately -disable-cmo

ProcessInfoPlistFile /Users/hyojaelee/Library/Developer/Xcode/DerivedData/SmartCellCounter-atxcmwbajnbuvzaispjfhciksmpx/Build/Products/Debug-iphonesimulator/SmartCellCounter.app/Info.plist /Users/hyojaelee/Projects/smart-cell-counter/Sources/SmartCellCounter/Info.plist (in target 'SmartCellCounter' from project 'SmartCellCounter')
    cd /Users/hyojaelee/Projects/smart-cell-counter
    builtin-infoPlistUtility /Users/hyojaelee/Projects/smart-cell-counter/Sources/SmartCellCounter/Info.plist -producttype com.apple.product-type.application -genpkginfo /Users/hyojaelee/Library/Developer/Xcode/DerivedData/SmartCellCounter-atxcmwbajnbuvzaispjfhciksmpx/Build/Products/Debug-iphonesimulator/SmartCellCounter.app/PkgInfo -expandbuildsettings -format binary -platform iphonesimulator -additionalcontentfile /Users/hyojaelee/Library/Developer/Xcode/DerivedData/SmartCellCounter-atxcmwbajnbuvzaispjfhciksmpx/Build/Intermediates.noindex/SmartCellCounter.build/Debug-iphonesimulator/SmartCellCounter.build/assetcatalog_generated_info.plist -scanforprivacyfile /Users/hyojaelee/Library/Developer/Xcode/DerivedData/SmartCellCounter-atxcmwbajnbuvzaispjfhciksmpx/Build/Products/Debug-iphonesimulator/SmartCellCounter.app/GRDB_GRDB.bundle -o /Users/hyojaelee/Library/Developer/Xcode/DerivedData/SmartCellCounter-atxcmwbajnbuvzaispjfhciksmpx/Build/Products/Debug-iphonesimulator/SmartCellCounter.app/Info.plist

SwiftEmitModule normal arm64 Emitting\ module\ for\ SmartCellCounter (in target 'SmartCellCounter' from project 'SmartCellCounter')

EmitSwiftModule normal arm64 (in target 'SmartCellCounter' from project 'SmartCellCounter')
    cd /Users/hyojaelee/Projects/smart-cell-counter
    

SwiftCompile normal arm64 Compiling\ StorageService.swift /Users/hyojaelee/Projects/smart-cell-counter/Sources/SmartCellCounter/Core/Storage/StorageService.swift (in target 'SmartCellCounter' from project 'SmartCellCounter')
Failed frontend command:
/Applications/Xcode.app/Contents/Developer/Toolchains/XcodeDefault.xctoolchain/usr/bin/swift-frontend -frontend -c /Users/hyojaelee/Projects/smart-cell-counter/Sources/SmartCellCounter/Features/Settings/AboutView.swift /Users/hyojaelee/Projects/smart-cell-counter/Sources/SmartCellCounter/Core/Ads/AdsManager.swift /Users/hyojaelee/Projects/smart-cell-counter/Sources/SmartCellCounter/Features/Common/AnimatedGradientHeader.swift /Users/hyojaelee/Projects/smart-cell-counter/Sources/SmartCellCounter/Core/Utilities/AppError.swift /Users/hyojaelee/Projects/smart-cell-counter/Sources/SmartCellCounter/Core/Vision/BlobDetector.swift /Users/hyojaelee/Projects/smart-cell-counter/Sources/SmartCellCounter/Core/Vision/BlueMask.swift /Users/hyojaelee/Projects/smart-cell-counter/Sources/SmartCellCounter/Core/Export/CSVExporter.swift /Users/hyojaelee/Projects/smart-cell-counter/Sources/SmartCellCounter/Core/Vision/Calibration.swift /Users/hyojaelee/Projects/smart-cell-counter/Sources/SmartCellCounter/Features/Capture/CameraPreviewView.swift /Users/hyojaelee/Projects/smart-cell-counter/Sources/SmartCellCounter/Core/Imaging/CameraService.swift /Users/hyojaelee/Projects/smart-cell-counter/Sources/SmartCellCounter/Core/Imaging/CameraTypes.swift /Users/hyojaelee/Projects/smart-cell-counter/Sources/SmartCellCounter/Features/Capture/CaptureHUDView.swift /Users/hyojaelee/Projects/smart-cell-counter/Sources/SmartCellCounter/Features/Capture/CaptureView.swift /Users/hyojaelee/Projects/smart-cell-counter/Sources/SmartCellCounter/Core/Vision/CellDetector.swift /Users/hyojaelee/Projects/smart-cell-counter/Sources/SmartCellCounter/Core/Vision/Classifier.swift /Users/hyojaelee/Projects/smart-cell-counter/Sources/SmartCellCounter/Core/Utilities/ColorSpaces.swift /Users/hyojaelee/Projects/smart-cell-counter/Sources/SmartCellCounter/Core/Privacy/ConsentManager.swift /Users/hyojaelee/Projects/smart-cell-counter/Sources/SmartCellCounter/Features/Consent/ConsentView.swift /Users/hyojaelee/Projects/smart-cell-counter/Sources/SmartCellCounter/Core/CoreModules.swift /Users/hyojaelee/Projects/smart-cell-counter/Sources/SmartCellCounter/Features/Crop/CornerEditorView.swift /Users/hyojaelee/Projects/smart-cell-counter/Sources/SmartCellCounter/Core/Counting/CountingService.swift /Users/hyojaelee/Projects/smart-cell-counter/Sources/SmartCellCounter/Core/Utilities/CrashReporter.swift /Users/hyojaelee/Projects/smart-cell-counter/Sources/SmartCellCounter/Features/Crop/CropView.swift /Users/hyojaelee/Projects/smart-cell-counter/Sources/SmartCellCounter/Core/Vision/DebugOverlayView.swift /Users/hyojaelee/Projects/smart-cell-counter/Sources/SmartCellCounter/Features/Debug/DebugView.swift /Users/hyojaelee/Projects/smart-cell-counter/Sources/SmartCellCounter/Core/Utilities/DesignSystem.swift /Users/hyojaelee/Projects/smart-cell-counter/Sources/SmartCellCounter/Features/Detection/DetectionView.swift /Users/hyojaelee/Projects/smart-cell-counter/Sources/SmartCellCounter/Core/Vision/DetectorParams.swift /Users/hyojaelee/Projects/smart-cell-counter/Sources/SmartCellCounter/Core/Utilities/GeometryUtils.swift /Users/hyojaelee/Projects/smart-cell-counter/Sources/SmartCellCounter/Core/Vision/GridSuppressor.swift /Users/hyojaelee/Projects/smart-cell-counter/Sources/SmartCellCounter/Core/Utilities/Haptics.swift /Users/hyojaelee/Projects/smart-cell-counter/Sources/SmartCellCounter/Features/Help/HelpView.swift /Users/hyojaelee/Projects/smart-cell-counter/Sources/SmartCellCounter/Core/Math/Hemocytometer.swift /Users/hyojaelee/Projects/smart-cell-counter/Sources/SmartCellCounter/Features/History/HistoryView.swift /Users/hyojaelee/Projects/smart-cell-counter/Sources/SmartCellCounter/Core/Vision/IlluminationCorrector.swift /Users/hyojaelee/Projects/smart-cell-counter/Sources/SmartCellCounter/Core/Utilities/ImageContext.swift /Users/hyojaelee/Projects/smart-cell-counter/Sources/SmartCellCounter/Features/Selection/ImageSelectionView.swift /Users/hyojaelee/Projects/smart-cell-counter/Sources/SmartCellCounter/Core/Imaging/ImagingPipeline.swift /Users/hyojaelee/Projects/smart-cell-counter/Sources/SmartCellCounter/Core/Imaging/ImagingService.swift /Users/hyojaelee/Projects/smart-cell-counter/Sources/SmartCellCounter/Core/Imaging/ImagingTypes.swift /Users/hyojaelee/Projects/smart-cell-counter/Sources/SmartCellCounter/Core/Vision/Metrics.swift /Users/hyojaelee/Projects/smart-cell-counter/Sources/SmartCellCounter/Core/Vision/NMS.swift /Users/hyojaelee/Projects/smart-cell-counter/Sources/SmartCellCounter/Features/Settings/NumericField.swift /Users/hyojaelee/Projects/smart-cell-counter/Sources/SmartCellCounter/Core/Export/PDFExporter.swift /Users/hyojaelee/Projects/smart-cell-counter/Sources/SmartCellCounter/Features/Paywall/PaywallView.swift /Users/hyojaelee/Projects/smart-cell-counter/Sources/SmartCellCounter/Core/Utilities/PerformanceLogger.swift /Users/hyojaelee/Projects/smart-cell-counter/Sources/SmartCellCounter/Core/Monetization/ProPurchase.swift /Users/hyojaelee/Projects/smart-cell-counter/Sources/SmartCellCounter/Features/Debug/QATestsView.swift /Users/hyojaelee/Projects/smart-cell-counter/Sources/SmartCellCounter/Features/Results/ResultsView.swift /Users/hyojaelee/Projects/smart-cell-counter/Sources/SmartCellCounter/Features/Review/ReviewView.swift /Users/hyojaelee/Projects/smart-cell-counter/Sources/SmartCellCounter/Features/Common/RingGauge.swift /Users/hyojaelee/Projects/smart-cell-counter/Sources/SmartCellCounter/Core/Models/Sample.swift /Users/hyojaelee/Projects/smart-cell-counter/Sources/SmartCellCounter/Features/Selection/SelectionOverlay.swift /Users/hyojaelee/Projects/smart-cell-counter/Sources/SmartCellCounter/Core/Utilities/Settings.swift /Users/hyojaelee/Projects/smart-cell-counter/Sources/SmartCellCounter/Features/Settings/SettingsStore.swift /Users/hyojaelee/Projects/smart-cell-counter/Sources/SmartCellCounter/Features/Settings/SettingsView.swift /Users/hyojaelee/Projects/smart-cell-counter/Sources/SmartCellCounter/SmartCellCounterApp.swift -primary-file /Users/hyojaelee/Projects/smart-cell-counter/Sources/SmartCellCounter/Core/Storage/StorageService.swift /Users/hyojaelee/Projects/smart-cell-counter/Sources/SmartCellCounter/Core/Vision/TextureFilter.swift /Users/hyojaelee/Projects/smart-cell-counter/Sources/SmartCellCounter/Core/Utilities/Theme.swift /Users/hyojaelee/Projects/smart-cell-counter/Sources/SmartCellCounter/Core/Utilities/TimerUtil.swift /Users/hyojaelee/Projects/smart-cell-counter/Sources/SmartCellCounter/Core/Utilities/Utilities.swift /Users/hyojaelee/Projects/smart-cell-counter/Sources/SmartCellCounter/Core/Viability/ViabilityClassifier.swift /Users/hyojaelee/Library/Developer/Xcode/DerivedData/SmartCellCounter-atxcmwbajnbuvzaispjfhciksmpx/Build/Intermediates.noindex/SmartCellCounter.build/Debug-iphonesimulator/SmartCellCounter.build/DerivedSources/GeneratedAssetSymbols.swift -emit-dependencies-path /Users/hyojaelee/Library/Developer/Xcode/DerivedData/SmartCellCounter-atxcmwbajnbuvzaispjfhciksmpx/Build/Intermediates.noindex/SmartCellCounter.build/Debug-iphonesimulator/SmartCellCounter.build/Objects-normal/arm64/StorageService.d -emit-const-values-path /Users/hyojaelee/Library/Developer/Xcode/DerivedData/SmartCellCounter-atxcmwbajnbuvzaispjfhciksmpx/Build/Intermediates.noindex/SmartCellCounter.build/Debug-iphonesimulator/SmartCellCounter.build/Objects-normal/arm64/StorageService.swiftconstvalues -emit-reference-dependencies-path /Users/hyojaelee/Library/Developer/Xcode/DerivedData/SmartCellCounter-atxcmwbajnbuvzaispjfhciksmpx/Build/Intermediates.noindex/SmartCellCounter.build/Debug-iphonesimulator/SmartCellCounter.build/Objects-normal/arm64/StorageService.swiftdeps -serialize-diagnostics-path /Users/hyojaelee/Library/Developer/Xcode/DerivedData/SmartCellCounter-atxcmwbajnbuvzaispjfhciksmpx/Build/Intermediates.noindex/SmartCellCounter.build/Debug-iphonesimulator/SmartCellCounter.build/Objects-normal/arm64/StorageService.dia -target arm64-apple-ios16.0-simulator -Xllvm -aarch64-use-tbi -enable-objc-interop -sdk /Applications/Xcode.app/Contents/Developer/Platforms/iPhoneSimulator.platform/Developer/SDKs/iPhoneSimulator18.5.sdk -I /Users/hyojaelee/Library/Developer/Xcode/DerivedData/SmartCellCounter-atxcmwbajnbuvzaispjfhciksmpx/Build/Products/Debug-iphonesimulator -F /Users/hyojaelee/Library/Developer/Xcode/DerivedData/SmartCellCounter-atxcmwbajnbuvzaispjfhciksmpx/Build/Products/Debug-iphonesimulator/PackageFrameworks -F /Users/hyojaelee/Library/Developer/Xcode/DerivedData/SmartCellCounter-atxcmwbajnbuvzaispjfhciksmpx/Build/Products/Debug-iphonesimulator -no-color-diagnostics -enable-testing -g -debug-info-format\=dwarf -dwarf-version\=4 -module-cache-path /Users/hyojaelee/Library/Developer/Xcode/DerivedData/ModuleCache.noindex -profile-generate -profile-coverage-mapping -swift-version 5 -enforce-exclusivity\=checked -Onone -D DEBUG -serialize-debugging-options -const-gather-protocols-file /Users/hyojaelee/Library/Developer/Xcode/DerivedData/SmartCellCounter-atxcmwbajnbuvzaispjfhciksmpx/Build/Intermediates.noindex/SmartCellCounter.build/Debug-iphonesimulator/SmartCellCounter.build/Objects-normal/arm64/SmartCellCounter_const_extract_protocols.json -enable-experimental-feature DebugDescriptionMacro -enable-bare-slash-regex -empty-abi-descriptor -validate-clang-modules-once -clang-build-session-file /Users/hyojaelee/Library/Developer/Xcode/DerivedData/ModuleCache.noindex/Session.modulevalidation -Xcc -working-directory -Xcc /Users/hyojaelee/Projects/smart-cell-counter -resource-dir /Applications/Xcode.app/Contents/Developer/Toolchains/XcodeDefault.xctoolchain/usr/lib/swift -enable-anonymous-context-mangled-names -file-compilation-dir /Users/hyojaelee/Projects/smart-cell-counter -Xcc -fmodule-map-file\=/Users/hyojaelee/Library/Developer/Xcode/DerivedData/SmartCellCounter-atxcmwbajnbuvzaispjfhciksmpx/SourcePackages/checkouts/GRDB.swift/Sources/CSQLite/module.modulemap -Xcc -ivfsstatcache -Xcc /Users/hyojaelee/Library/Developer/Xcode/DerivedData/SDKStatCaches.noindex/iphonesimulator18.5-22F76-d5fc8ad4295d2ef488fb7d0f804ce0c4.sdkstatcache -Xcc -I/Users/hyojaelee/Library/Developer/Xcode/DerivedData/SmartCellCounter-atxcmwbajnbuvzaispjfhciksmpx/Build/Intermediates.noindex/SmartCellCounter.build/Debug-iphonesimulator/SmartCellCounter.build/swift-overrides.hmap -Xcc -iquote -Xcc /Users/hyojaelee/Library/Developer/Xcode/DerivedData/SmartCellCounter-atxcmwbajnbuvzaispjfhciksmpx/Build/Intermediates.noindex/SmartCellCounter.build/Debug-iphonesimulator/SmartCellCounter.build/SmartCellCounter-generated-files.hmap -Xcc -I/Users/hyojaelee/Library/Developer/Xcode/DerivedData/SmartCellCounter-atxcmwbajnbuvzaispjfhciksmpx/Build/Intermediates.noindex/SmartCellCounter.build/Debug-iphonesimulator/SmartCellCounter.build/SmartCellCounter-own-target-headers.hmap -Xcc -I/Users/hyojaelee/Library/Developer/Xcode/DerivedData/SmartCellCounter-atxcmwbajnbuvzaispjfhciksmpx/Build/Intermediates.noindex/SmartCellCounter.build/Debug-iphonesimulator/SmartCellCounter.build/SmartCellCounter-all-non-framework-target-headers.hmap -Xcc -ivfsoverlay -Xcc /Users/hyojaelee/Library/Developer/Xcode/DerivedData/SmartCellCounter-atxcmwbajnbuvzaispjfhciksmpx/Build/Intermediates.noindex/SmartCellCounter.build/Debug-iphonesimulator/SmartCellCounter-fdedcd23f60ec90beac0577e01341f5e-VFS-iphonesimulator/all-product-headers.yaml -Xcc -iquote -Xcc /Users/hyojaelee/Library/Developer/Xcode/DerivedData/SmartCellCounter-atxcmwbajnbuvzaispjfhciksmpx/Build/Intermediates.noindex/SmartCellCounter.build/Debug-iphonesimulator/SmartCellCounter.build/SmartCellCounter-project-headers.hmap -Xcc -I/Users/hyojaelee/Library/Developer/Xcode/DerivedData/SmartCellCounter-atxcmwbajnbuvzaispjfhciksmpx/Build/Products/Debug-iphonesimulator/include -Xcc -I/Users/hyojaelee/Library/Developer/Xcode/DerivedData/SmartCellCounter-atxcmwbajnbuvzaispjfhciksmpx/Build/Intermediates.noindex/SmartCellCounter.build/Debug-iphonesimulator/SmartCellCounter.build/DerivedSources-normal/arm64 -Xcc -I/Users/hyojaelee/Library/Developer/Xcode/DerivedData/SmartCellCounter-atxcmwbajnbuvzaispjfhciksmpx/Build/Intermediates.noindex/SmartCellCounter.build/Debug-iphonesimulator/SmartCellCounter.build/DerivedSources/arm64 -Xcc -I/Users/hyojaelee/Library/Developer/Xcode/DerivedData/SmartCellCounter-atxcmwbajnbuvzaispjfhciksmpx/Build/Intermediates.noindex/SmartCellCounter.build/Debug-iphonesimulator/SmartCellCounter.build/DerivedSources -Xcc -DDEBUG\=1 -module-name SmartCellCounter -frontend-parseable-output -disable-clang-spi -target-sdk-version 18.5 -target-sdk-name iphonesimulator18.5 -external-plugin-path /Applications/Xcode.app/Contents/Developer/Platforms/iPhoneOS.platform/Developer/usr/lib/swift/host/plugins\#/Applications/Xcode.app/Contents/Developer/Platforms/iPhoneOS.platform/Developer/usr/bin/swift-plugin-server -external-plugin-path /Applications/Xcode.app/Contents/Developer/Platforms/iPhoneOS.platform/Developer/usr/local/lib/swift/host/plugins\#/Applications/Xcode.app/Contents/Developer/Platforms/iPhoneOS.platform/Developer/usr/bin/swift-plugin-server -in-process-plugin-server-path /Applications/Xcode.app/Contents/Developer/Toolchains/XcodeDefault.xctoolchain/usr/lib/swift/host/libSwiftInProcPluginServer.dylib -plugin-path /Applications/Xcode.app/Contents/Developer/Toolchains/XcodeDefault.xctoolchain/usr/lib/swift/host/plugins -plugin-path /Applications/Xcode.app/Contents/Developer/Toolchains/XcodeDefault.xctoolchain/usr/local/lib/swift/host/plugins -o /Users/hyojaelee/Library/Developer/Xcode/DerivedData/SmartCellCounter-atxcmwbajnbuvzaispjfhciksmpx/Build/Intermediates.noindex/SmartCellCounter.build/Debug-iphonesimulator/SmartCellCounter.build/Objects-normal/arm64/StorageService.o -index-unit-output-path /SmartCellCounter.build/Debug-iphonesimulator/SmartCellCounter.build/Objects-normal/arm64/StorageService.o -index-store-path /Users/hyojaelee/Library/Developer/Xcode/DerivedData/SmartCellCounter-atxcmwbajnbuvzaispjfhciksmpx/Index.noindex/DataStore -index-system-modules

SwiftCompile normal arm64 /Users/hyojaelee/Projects/smart-cell-counter/Sources/SmartCellCounter/Core/Storage/StorageService.swift (in target 'SmartCellCounter' from project 'SmartCellCounter')
    cd /Users/hyojaelee/Projects/smart-cell-counter
    
/Users/hyojaelee/Projects/smart-cell-counter/Sources/SmartCellCounter/Core/Storage/StorageService.swift:137:9: error: expression is 'async' but is not marked with 'await'
        try dbQueue.write { db in
        ^~~~~~~~~~~~~~~~~~~~~~~~~
            await 
/Users/hyojaelee/Projects/smart-cell-counter/Sources/SmartCellCounter/Core/Storage/StorageService.swift:137:13: note: call is 'async'
        try dbQueue.write { db in
            ^
/Users/hyojaelee/Projects/smart-cell-counter/Sources/SmartCellCounter/Core/Storage/StorageService.swift:149:16: error: expression is 'async' but is not marked with 'await'
        return try dbQueue.read { db in
               ^~~~~~~~~~~~~~~~~~~~~~~~
                   await 
/Users/hyojaelee/Projects/smart-cell-counter/Sources/SmartCellCounter/Core/Storage/StorageService.swift:149:20: note: call is 'async'
        return try dbQueue.read { db in
                   ^
/Users/hyojaelee/Projects/smart-cell-counter/Sources/SmartCellCounter/Core/Storage/StorageService.swift:167:16: error: expression is 'async' but is not marked with 'await'
        return try dbQueue.read { db in
               ^~~~~~~~~~~~~~~~~~~~~~~~
                   await 
/Users/hyojaelee/Projects/smart-cell-counter/Sources/SmartCellCounter/Core/Storage/StorageService.swift:167:20: note: call is 'async'
        return try dbQueue.read { db in
                   ^
/Users/hyojaelee/Projects/smart-cell-counter/Sources/SmartCellCounter/Core/Storage/StorageService.swift:174:9: error: expression is 'async' but is not marked with 'await'
        try dbQueue.write { db in
        ^~~~~~~~~~~~~~~~~~~~~~~~~
            await 
/Users/hyojaelee/Projects/smart-cell-counter/Sources/SmartCellCounter/Core/Storage/StorageService.swift:174:13: note: call is 'async'
        try dbQueue.write { db in
            ^

SwiftCompile normal arm64 Compiling\ Sample.swift /Users/hyojaelee/Projects/smart-cell-counter/Sources/SmartCellCounter/Core/Models/Sample.swift (in target 'SmartCellCounter' from project 'SmartCellCounter')

SwiftCompile normal arm64 /Users/hyojaelee/Projects/smart-cell-counter/Sources/SmartCellCounter/Core/Models/Sample.swift (in target 'SmartCellCounter' from project 'SmartCellCounter')
    cd /Users/hyojaelee/Projects/smart-cell-counter
    

SwiftCompile normal arm64 Compiling\ HistoryView.swift /Users/hyojaelee/Projects/smart-cell-counter/Sources/SmartCellCounter/Features/History/HistoryView.swift (in target 'SmartCellCounter' from project 'SmartCellCounter')
SwiftCompile normal arm64 /Users/hyojaelee/Projects/smart-cell-counter/Sources/SmartCellCounter/Features/History/HistoryView.swift (in target 'SmartCellCounter' from project 'SmartCellCounter')
    cd /Users/hyojaelee/Projects/smart-cell-counter
    

SwiftCompile normal arm64 Compiling\ SmartCellCounterApp.swift /Users/hyojaelee/Projects/smart-cell-counter/Sources/SmartCellCounter/SmartCellCounterApp.swift (in target 'SmartCellCounter' from project 'SmartCellCounter')

SwiftCompile normal arm64 /Users/hyojaelee/Projects/smart-cell-counter/Sources/SmartCellCounter/SmartCellCounterApp.swift (in target 'SmartCellCounter' from project 'SmartCellCounter')
    cd /Users/hyojaelee/Projects/smart-cell-counter
    

SwiftCompile normal arm64 Compiling\ ResultsView.swift /Users/hyojaelee/Projects/smart-cell-counter/Sources/SmartCellCounter/Features/Results/ResultsView.swift (in target 'SmartCellCounter' from project 'SmartCellCounter')

SwiftCompile normal arm64 /Users/hyojaelee/Projects/smart-cell-counter/Sources/SmartCellCounter/Features/Results/ResultsView.swift (in target 'SmartCellCounter' from project 'SmartCellCounter')
    cd /Users/hyojaelee/Projects/smart-cell-counter
    

SwiftDriverJobDiscovery normal arm64 Compiling Sample.swift (in target 'SmartCellCounter' from project 'SmartCellCounter')


Test session results, code coverage, and logs:
	/Users/hyojaelee/Library/Developer/Xcode/DerivedData/SmartCellCounter-atxcmwbajnbuvzaispjfhciksmpx/Logs/Test/Test-SmartCellCounter-2025.10.18_16-09-58--0400.xcresult

Testing failed:
	Expression is 'async' but is not marked with 'await'
	Expression is 'async' but is not marked with 'await'
	Expression is 'async' but is not marked with 'await'
	Expression is 'async' but is not marked with 'await'
	Testing cancelled because the build failed.

** TEST FAILED **


The following build commands failed:
	SwiftCompile normal arm64 Compiling\ StorageService.swift /Users/hyojaelee/Projects/smart-cell-counter/Sources/SmartCellCounter/Core/Storage/StorageService.swift (in target 'SmartCellCounter' from project 'SmartCellCounter')
	SwiftCompile normal arm64 /Users/hyojaelee/Projects/smart-cell-counter/Sources/SmartCellCounter/Core/Storage/StorageService.swift (in target 'SmartCellCounter' from project 'SmartCellCounter')
	Testing project SmartCellCounter with scheme SmartCellCounter
(3 failures)
